
                                      ARENA Simulation Results
                                      deinfo - License: STUDENT

                                  Sumário para Replicação 1 de 1

Projeto: Exemplo FABRICA_ROUPA para Analise de Resultados            Data da execução : 4/12/2018
Analista: Darci Prado                                                 Data de revisão do modelo: 4/12/2018

Replicação terminada no tempo de      : 2400.0 Minutos 
Unidade de Tempo Base: Minutos

                                           VARIÁVEIS DE REGISTRO

Identificador                                  Média   Meia Largura  Mínimo    Máximo   Observações
___________________________________________________________________________________________________

Processo Corte.TotalTimePerEntity           20.405     (Insuf)    8.3381     56.307        177    
Processo Corte.VATimePerEntity              9.9968     (Insuf)    8.1064     11.854        177    
Processo Inspecao.TotalTimePerEntity        3.0000     (Insuf)    3.0000     3.0000        103    
Processo Costura.VATimePerEntity            23.022     (Insuf)    18.351     27.716        103    
Processo Costura.TotalTimePerEntity         563.19     (Insuf)    26.142     1083.6        103    
Processo Corte.WaitTimePerEntity            10.408     (Insuf)    .00000     46.799        177    
Processo Inspecao.VATimePerEntity           3.0000     (Insuf)    3.0000     3.0000        103    
TEMPO NO SISTEMA                            644.25     (Insuf)    44.837     1529.9         84    
Processo Inspecao.WaitTimePerEntity         .00000     (Insuf)    .00000     .00000        103    
Processo Costura.WaitTimePerEntity          540.16     (Insuf)    .00000     1063.4        103    
ROUPA.VATime                                39.402     (Insuf)    31.072     93.302         84    
ROUPA.NVATime                               .00000     (Insuf)    .00000     .00000         84    
ROUPA.WaitTime                              598.33     (Insuf)    .00000     1456.9         84    
ROUPA.TranTime                              6.5238     (Insuf)    6.0000     14.000         84    
ROUPA.OtherTime                             .00000     (Insuf)    .00000     .00000         84    
ROUPA.TotalTime                             644.25     (Insuf)    44.837     1529.9         84    
Processo Inspecao.Queue.WaitingTime         .00000     (Insuf)    .00000     .00000        103    
Processo Costura.Queue.WaitingTime          545.25     (Insuf)    .00000     1069.4        104    
Processo Corte.Queue.WaitingTime            10.408     (Insuf)    .00000     46.799        177    

                                     VARIÁVEIS DISCRETAS

Identificador                                 Média   Meia Largura  Mínimo    Máximo   Valor Final
___________________________________________________________________________________________________

ROUPA.WIP                                   48.388     (Insuf)    .00000     95.000     93.000    
CORTADEIRA.NumberBusy                       .73727     (Insuf)    .00000     1.0000     .00000    
CORTADEIRA.NumberScheduled                  1.0000     (Insuf)    1.0000     1.0000     1.0000    
CORTADEIRA.Utilization                      .73727     (Insuf)    .00000     1.0000     .00000    
INSPETOR.NumberBusy                         .12875     (Insuf)    .00000     1.0000     .00000    
INSPETOR.NumberScheduled                    1.0000     (Insuf)    1.0000     1.0000     1.0000    
INSPETOR.Utilization                        .12875     (Insuf)    .00000     1.0000     .00000    
COSTUREIRA.NumberBusy                       .99513     (Insuf)    .00000     1.0000     1.0000    
COSTUREIRA.NumberScheduled                  1.0000     (Insuf)    1.0000     1.0000     1.0000    
COSTUREIRA.Utilization                      .99513     (Insuf)    .00000     1.0000     1.0000    
Processo Inspecao.Queue.NumberInQueue       .00000     (Insuf)    .00000     .00000     .00000    
Processo Costura.Queue.NumberInQueue        45.440     (Insuf)    .00000     92.000     92.000    
Processo Corte.Queue.NumberInQueue          .76765     (Insuf)    .00000     5.0000     .00000    

                                             RESULTADOS

Identificador                                   Valor
_____________________________________________________________

Processo Inspecao Accum Wait Time           .00000    
Processo Inspecao Number Out                103.00    
Processo Inspecao Number In                 103.00    
Processo Corte Accum Wait Time              1842.3    
Processo Corte Accum VA Time                1769.4    
Processo Costura Accum VA Time              2371.3    
Processo Costura Accum Wait Time            55637.    
Processo Corte Number Out                   177.00    
Processo Corte Number In                    177.00    
Processo Inspecao Accum VA Time             309.00    
Processo Costura Number In                  196.00    
Processo Costura Number Out                 103.00    
ROUPA.NumberIn                              177.00    
ROUPA.NumberOut                             84.000    
CORTADEIRA.NumberSeized                     177.00    
CORTADEIRA.ScheduledUtilization             .73727    
INSPETOR.NumberSeized                       103.00    
INSPETOR.ScheduledUtilization               .12875    
COSTUREIRA.NumberSeized                     104.00    
COSTUREIRA.ScheduledUtilization             .99513    
System.NumberOut                            84.000    


Tempo executando a simulação: 0.00 minutos.
Simulação completada.
