
                                      ARENA Simulation Results
                                      deinfo - License: STUDENT

                                  Sumário para Replicação 1 de 3

Projeto: Exemplo FABRICA_ROUPA para Analise de Resultados            Data da execução : 4/ 5/2018
Analista: Darci Prado                                                 Data de revisão do modelo: 4/ 5/2018

Replicação terminada no tempo de      : 2400.0 Minutos 
Unidade de Tempo Base: Minutos

                                           VARIÁVEIS DE REGISTRO

Identificador                                  Média   Meia Largura  Mínimo    Máximo   Observações
___________________________________________________________________________________________________

Processo Corte.TotalTimePerEntity           20.405     (Insuf)    8.3381     56.307        177    
Processo Corte.VATimePerEntity              9.9968     (Insuf)    8.1064     11.854        177    
Processo Inspecao.TotalTimePerEntity        3.0000     (Insuf)    3.0000     3.0000        103    
Processo Costura.VATimePerEntity            23.022     (Insuf)    18.351     27.716        103    
Processo Costura.TotalTimePerEntity         563.19     (Insuf)    26.142     1083.6        103    
Processo Corte.WaitTimePerEntity            10.408     (Insuf)    .00000     46.799        177    
Processo Inspecao.VATimePerEntity           3.0000     (Insuf)    3.0000     3.0000        103    
TEMPO NO SISTEMA                            644.25     (Insuf)    44.837     1529.9         84    
Processo Inspecao.WaitTimePerEntity         .00000     (Insuf)    .00000     .00000        103    
Processo Costura.WaitTimePerEntity          540.16     (Insuf)    .00000     1063.4        103    
ROUPA.VATime                                39.402     (Insuf)    31.072     93.302         84    
ROUPA.NVATime                               .00000     (Insuf)    .00000     .00000         84    
ROUPA.WaitTime                              598.33     (Insuf)    .00000     1456.9         84    
ROUPA.TranTime                              6.5238     (Insuf)    6.0000     14.000         84    
ROUPA.OtherTime                             .00000     (Insuf)    .00000     .00000         84    
ROUPA.TotalTime                             644.25     (Insuf)    44.837     1529.9         84    
Processo Inspecao.Queue.WaitingTime         .00000     (Insuf)    .00000     .00000        103    
Processo Costura.Queue.WaitingTime          545.25     (Insuf)    .00000     1069.4        104    
Processo Corte.Queue.WaitingTime            10.408     (Insuf)    .00000     46.799        177    

                                     VARIÁVEIS DISCRETAS

Identificador                                 Média   Meia Largura  Mínimo    Máximo   Valor Final
___________________________________________________________________________________________________

ROUPA.WIP                                   48.388     (Insuf)    .00000     95.000     93.000    
CORTADEIRA.NumberBusy                       .73727     (Insuf)    .00000     1.0000     .00000    
CORTADEIRA.NumberScheduled                  1.0000     (Insuf)    1.0000     1.0000     1.0000    
CORTADEIRA.Utilization                      .73727     (Insuf)    .00000     1.0000     .00000    
INSPETOR.NumberBusy                         .12875     (Insuf)    .00000     1.0000     .00000    
INSPETOR.NumberScheduled                    1.0000     (Insuf)    1.0000     1.0000     1.0000    
INSPETOR.Utilization                        .12875     (Insuf)    .00000     1.0000     .00000    
COSTUREIRA.NumberBusy                       .99513     (Insuf)    .00000     1.0000     1.0000    
COSTUREIRA.NumberScheduled                  1.0000     (Insuf)    1.0000     1.0000     1.0000    
COSTUREIRA.Utilization                      .99513     (Insuf)    .00000     1.0000     1.0000    
Processo Inspecao.Queue.NumberInQueue       .00000     (Insuf)    .00000     .00000     .00000    
Processo Costura.Queue.NumberInQueue        45.440     (Insuf)    .00000     92.000     92.000    
Processo Corte.Queue.NumberInQueue          .76765     (Insuf)    .00000     5.0000     .00000    

                                             RESULTADOS

Identificador                                   Valor
_____________________________________________________________

Processo Inspecao Accum Wait Time           .00000    
Processo Inspecao Number Out                103.00    
Processo Inspecao Number In                 103.00    
Processo Corte Accum Wait Time              1842.3    
Processo Corte Accum VA Time                1769.4    
Processo Costura Accum VA Time              2371.3    
Processo Costura Accum Wait Time            55637.    
Processo Corte Number Out                   177.00    
Processo Corte Number In                    177.00    
Processo Inspecao Accum VA Time             309.00    
Processo Costura Number In                  196.00    
Processo Costura Number Out                 103.00    
ROUPA.NumberIn                              177.00    
ROUPA.NumberOut                             84.000    
CORTADEIRA.NumberSeized                     177.00    
CORTADEIRA.ScheduledUtilization             .73727    
INSPETOR.NumberSeized                       103.00    
INSPETOR.ScheduledUtilization               .12875    
COSTUREIRA.NumberSeized                     104.00    
COSTUREIRA.ScheduledUtilization             .99513    
System.NumberOut                            84.000    

Iniciando replicação 2 de 3

                                      ARENA Simulation Results
                                      deinfo - License: STUDENT

                                  Sumário para Replicação 2 de 3

Projeto: Exemplo FABRICA_ROUPA para Analise de Resultados            Data da execução : 4/ 5/2018
Analista: Darci Prado                                                 Data de revisão do modelo: 4/ 5/2018

Replicação terminada no tempo de      : 2400.0 Minutos 
Unidade de Tempo Base: Minutos

                                           VARIÁVEIS DE REGISTRO

Identificador                                  Média   Meia Largura  Mínimo    Máximo   Observações
___________________________________________________________________________________________________

Processo Corte.TotalTimePerEntity           16.698     (Insuf)    8.3883     51.203        139    
Processo Corte.VATimePerEntity              10.004     (Insuf)    8.2822     11.682        139    
Processo Inspecao.TotalTimePerEntity        3.0000     (Insuf)    3.0000     3.0000        105    
Processo Costura.VATimePerEntity            22.601     (Insuf)    18.619     26.596        105    
Processo Costura.TotalTimePerEntity         418.64     (Insuf)    26.345     874.94        105    
Processo Corte.WaitTimePerEntity            6.6935     (Insuf)    .00000     40.923        139    
Processo Inspecao.VATimePerEntity           3.0000     (Insuf)    3.0000     3.0000        105    
TEMPO NO SISTEMA                            471.45     (Insuf)    59.012     1233.5         80    
Processo Inspecao.WaitTimePerEntity         .00000     (Insuf)    .00000     .00000        105    
Processo Costura.WaitTimePerEntity          396.04     (Insuf)    .00000     855.02        105    
ROUPA.VATime                                39.759     (Insuf)    30.521     85.258         80    
ROUPA.NVATime                               .00000     (Insuf)    .00000     .00000         80    
ROUPA.WaitTime                              425.04     (Insuf)    21.242     1161.7         80    
ROUPA.TranTime                              6.6500     (Insuf)    6.0000     14.000         80    
ROUPA.OtherTime                             .00000     (Insuf)    .00000     .00000         80    
ROUPA.TotalTime                             471.45     (Insuf)    59.012     1233.5         80    
Processo Inspecao.Queue.WaitingTime         .00000     (Insuf)    .00000     .00000        105    
Processo Costura.Queue.WaitingTime          400.14     (Insuf)    .00000     855.02        106    
Processo Corte.Queue.WaitingTime            6.6935     (Insuf)    .00000     40.923        139    

                                     VARIÁVEIS DISCRETAS

Identificador                                 Média   Meia Largura  Mínimo    Máximo   Valor Final
___________________________________________________________________________________________________

ROUPA.WIP                                   29.381     (Insuf)    .00000     60.000     59.000    
CORTADEIRA.NumberBusy                       .57943     (Insuf)    .00000     1.0000     .00000    
CORTADEIRA.NumberScheduled                  1.0000     (Insuf)    1.0000     1.0000     1.0000    
CORTADEIRA.Utilization                      .57943     (Insuf)    .00000     1.0000     .00000    
INSPETOR.NumberBusy                         .13125     (Insuf)    .00000     1.0000     .00000    
INSPETOR.NumberScheduled                    1.0000     (Insuf)    1.0000     1.0000     1.0000    
INSPETOR.Utilization                        .13125     (Insuf)    .00000     1.0000     .00000    
COSTUREIRA.NumberBusy                       .99475     (Insuf)    .00000     1.0000     1.0000    
COSTUREIRA.NumberScheduled                  1.0000     (Insuf)    1.0000     1.0000     1.0000    
COSTUREIRA.Utilization                      .99475     (Insuf)    .00000     1.0000     1.0000    
Processo Inspecao.Queue.NumberInQueue       .00000     (Insuf)    .00000     .00000     .00000    
Processo Costura.Queue.NumberInQueue        26.997     (Insuf)    .00000     58.000     58.000    
Processo Corte.Queue.NumberInQueue          .38767     (Insuf)    .00000     4.0000     .00000    

                                             RESULTADOS

Identificador                                   Valor
_____________________________________________________________

Processo Inspecao Accum Wait Time           .00000    
Processo Inspecao Number Out                105.00    
Processo Inspecao Number In                 105.00    
Processo Corte Accum Wait Time              930.39    
Processo Corte Accum VA Time                1390.6    
Processo Costura Accum VA Time              2373.1    
Processo Costura Accum Wait Time            41584.    
Processo Corte Number Out                   139.00    
Processo Corte Number In                    139.00    
Processo Inspecao Accum VA Time             315.00    
Processo Costura Number In                  164.00    
Processo Costura Number Out                 105.00    
ROUPA.NumberIn                              139.00    
ROUPA.NumberOut                             80.000    
CORTADEIRA.NumberSeized                     139.00    
CORTADEIRA.ScheduledUtilization             .57943    
INSPETOR.NumberSeized                       105.00    
INSPETOR.ScheduledUtilization               .13125    
COSTUREIRA.NumberSeized                     106.00    
COSTUREIRA.ScheduledUtilization             .99475    
System.NumberOut                            80.000    

Iniciando replicação 3 de 3

                                      ARENA Simulation Results
                                      deinfo - License: STUDENT

                                  Sumário para Replicação 3 de 3

Projeto: Exemplo FABRICA_ROUPA para Analise de Resultados            Data da execução : 4/ 5/2018
Analista: Darci Prado                                                 Data de revisão do modelo: 4/ 5/2018

Replicação terminada no tempo de      : 2400.0 Minutos 
Unidade de Tempo Base: Minutos

                                           VARIÁVEIS DE REGISTRO

Identificador                                  Média   Meia Largura  Mínimo    Máximo   Observações
___________________________________________________________________________________________________

Processo Corte.TotalTimePerEntity           22.773     (Insuf)    8.1809     65.802        174    
Processo Corte.VATimePerEntity              9.9216     (Insuf)    8.1809     11.909        174    
Processo Inspecao.TotalTimePerEntity        3.0000     (Insuf)    3.0000     3.0000        104    
Processo Costura.VATimePerEntity            22.817     (Insuf)    18.504     27.648        104    
Processo Costura.TotalTimePerEntity         531.76     (Insuf)    21.122     1027.8        104    
Processo Corte.WaitTimePerEntity            12.851     (Insuf)    .00000     56.728        174    
Processo Inspecao.VATimePerEntity           3.0000     (Insuf)    3.0000     3.0000        104    
TEMPO NO SISTEMA                            575.93     (Insuf)    38.302     1636.2         86    
Processo Inspecao.WaitTimePerEntity         .00000     (Insuf)    .00000     .00000        104    
Processo Costura.WaitTimePerEntity          508.94     (Insuf)    .00000     1008.0        104    
ROUPA.VATime                                38.017     (Insuf)    30.136     83.357         86    
ROUPA.NVATime                               .00000     (Insuf)    .00000     .00000         86    
ROUPA.WaitTime                              531.54     (Insuf)    .00000     1538.9         86    
ROUPA.TranTime                              6.3720     (Insuf)    6.0000     14.000         86    
ROUPA.OtherTime                             .00000     (Insuf)    .00000     .00000         86    
ROUPA.TotalTime                             575.93     (Insuf)    38.302     1636.2         86    
Processo Inspecao.Queue.WaitingTime         .00000     (Insuf)    .00000     .00000        104    
Processo Costura.Queue.WaitingTime          513.79     (Insuf)    .00000     1018.6        105    
Processo Corte.Queue.WaitingTime            12.851     (Insuf)    .00000     56.728        174    

                                     VARIÁVEIS DISCRETAS

Identificador                                 Média   Meia Largura  Mínimo    Máximo   Valor Final
___________________________________________________________________________________________________

ROUPA.WIP                                   43.825     (Insuf)    .00000     89.000     88.000    
CORTADEIRA.NumberBusy                       .71932     (Insuf)    .00000     1.0000     .00000    
CORTADEIRA.NumberScheduled                  1.0000     (Insuf)    1.0000     1.0000     1.0000    
CORTADEIRA.Utilization                      .71932     (Insuf)    .00000     1.0000     .00000    
INSPETOR.NumberBusy                         .13000     (Insuf)    .00000     1.0000     .00000    
INSPETOR.NumberScheduled                    1.0000     (Insuf)    1.0000     1.0000     1.0000    
INSPETOR.Utilization                        .13000     (Insuf)    .00000     1.0000     .00000    
COSTUREIRA.NumberBusy                       .99576     (Insuf)    .00000     1.0000     1.0000    
COSTUREIRA.NumberScheduled                  1.0000     (Insuf)    1.0000     1.0000     1.0000    
COSTUREIRA.Utilization                      .99576     (Insuf)    .00000     1.0000     1.0000    
Processo Inspecao.Queue.NumberInQueue       .00000     (Insuf)    .00000     .00000     .00000    
Processo Costura.Queue.NumberInQueue        40.730     (Insuf)    .00000     86.000     86.000    
Processo Corte.Queue.NumberInQueue          .93175     (Insuf)    .00000     6.0000     .00000    

                                             RESULTADOS

Identificador                                   Valor
_____________________________________________________________

Processo Inspecao Accum Wait Time           .00000    
Processo Inspecao Number Out                104.00    
Processo Inspecao Number In                 104.00    
Processo Corte Accum Wait Time              2236.2    
Processo Corte Accum VA Time                1726.3    
Processo Costura Accum VA Time              2372.9    
Processo Costura Accum Wait Time            52930.    
Processo Corte Number Out                   174.00    
Processo Corte Number In                    174.00    
Processo Inspecao Accum VA Time             312.00    
Processo Costura Number In                  191.00    
Processo Costura Number Out                 104.00    
ROUPA.NumberIn                              174.00    
ROUPA.NumberOut                             86.000    
CORTADEIRA.NumberSeized                     174.00    
CORTADEIRA.ScheduledUtilization             .71932    
INSPETOR.NumberSeized                       104.00    
INSPETOR.ScheduledUtilization               .13000    
COSTUREIRA.NumberSeized                     105.00    
COSTUREIRA.ScheduledUtilization             .99576    
System.NumberOut                            86.000    


                                      ARENA Simulation Results
                                      deinfo - License: STUDENT

                               Resumo de resultados para 3 Replicações

Projeto: Exemplo FABRICA_ROUPA para Analise de Resultados            Data da execução : 4/ 5/2018
Analista: Darci Prado                                                 Data de revisão do modelo: 4/ 5/2018


                                             RESULTADOS

Identificador                                 Média    Meia-largura Mínima    Maximo # de Replicações
___________________________________________________________________________________________________

Processo Inspecao Accum Wait Time           .00000     .00000     .00000     .00000     3
Processo Inspecao Number Out                104.00     2.4843     103.00     105.00     3
Processo Inspecao Number In                 104.00     2.4843     103.00     105.00     3
Processo Corte Accum Wait Time              1669.6     1664.0     930.39     2236.2     3
Processo Corte Accum VA Time                1628.8     515.22     1390.6     1769.4     3
Processo Costura Accum VA Time              2372.4     2.5460     2371.3     2373.1     3
Processo Costura Accum Wait Time            50050.     18522.     41584.     55637.     3
Processo Corte Number Out                   163.33     52.485     139.00     177.00     3
Processo Corte Number In                    163.33     52.485     139.00     177.00     3
Processo Inspecao Accum VA Time             312.00     7.4530     309.00     315.00     3
Processo Costura Number In                  183.66     42.766     164.00     196.00     3
Processo Costura Number Out                 104.00     2.4843     103.00     105.00     3
ROUPA.NumberIn                              163.33     52.485     139.00     177.00     3
ROUPA.NumberOut                             83.333     7.5897     80.000     86.000     3
CORTADEIRA.NumberSeized                     163.33     52.485     139.00     177.00     3
CORTADEIRA.ScheduledUtilization             .67867     .21468     .57943     .73727     3
INSPETOR.NumberSeized                       104.00     2.4843     103.00     105.00     3
INSPETOR.ScheduledUtilization               .13000     .00311     .12875     .13125     3
COSTUREIRA.NumberSeized                     105.00     2.4843     104.00     106.00     3
COSTUREIRA.ScheduledUtilization             .99521     .00127     .99475     .99576     3
System.NumberOut                            83.333     7.5897     80.000     86.000     3

Tempo executando a simulação: 0.05 minutos.
Simulação completada.
